<?xml version="1.0" encoding="UTF-8"?>
<!-- Generated by org.testng.reporters.JUnitXMLReporter -->
<testsuite ignored="2" hostname="DESKTOP-V8VPAE9" failures="0" tests="2" name="Default test" time="84.309" errors="0" timestamp="2021-07-16T15:51:33 IST">
  <testcase classname="testcases.ExternalLinkTest" name="verifyExternalLinkPageUrl" time="37.862"/>
  <testcase classname="testcases.ExternalLinkTest" name="verifyCharactersLength" time="26.474"/>
  <testcase classname="testcases.ExternalLinkTest" name="verifyValidationMessage" time="0.0">
    <ignored/>
  </testcase> <!-- verifyValidationMessage -->
  <testcase classname="testcases.ExternalLinkTest" name="verifyFrameText" time="0.0">
    <ignored/>
  </testcase> <!-- verifyFrameText -->
</testsuite> <!-- Default test -->
