<?xml version="1.0" encoding="UTF-8"?>
<!-- Generated by org.testng.reporters.JUnitXMLReporter -->
<testsuite ignored="2" hostname="COG-SYS-053" failures="0" tests="21" name="Test" time="1014.018" errors="0" timestamp="2021-07-14T20:24:33 IST">
  <testcase classname="testcases.TicketingGroupTest" name="verifyAddGroup" time="30.461"/>
  <testcase classname="testcases.TicketingGroupTest" name="verifyCancelButton" time="34.059"/>
  <testcase classname="testcases.TicketingGroupTest" name="verifyNoRecordsMessage" time="32.138"/>
  <testcase classname="testcases.TicketingServiceBoardTest" name="verifyServiceboardElements" time="20.981"/>
  <testcase classname="testcases.TicketingServiceBoardTest" name="verifyAddServiceBoardGroupOne" time="39.654"/>
  <testcase classname="testcases.TicketingServiceBoardTest" name="verifyDeleteButtonFunctionality" time="6.812"/>
  <testcase classname="testcases.TicketingServiceBoardTest" name="verifyAddServiceBoardGroupTwo" time="50.43"/>
  <testcase classname="testcases.TicketingServiceBoardTest" name="verifyCancelButtonFunctionality" time="46.093"/>
  <testcase classname="testcases.TicketingServiceBoardTest" name="verifyUpdateServiceBoardNavigation" time="41.312"/>
  <testcase classname="testcases.SLATest" name="verifyAddSLA" time="82.991"/>
  <testcase classname="testcases.SLATest" name="verifyMandatoryValidation" time="62.197"/>
  <testcase classname="testcases.SLATest" name="VerifyCharactersValidation" time="71.383"/>
  <testcase classname="testcases.SLATest" name="verifyClientCategoryFunctionality" time="44.735"/>
  <testcase classname="testcases.SLATest" name="verifyDepartmentCategoryFunctionality" time="43.243"/>
  <testcase classname="testcases.SLATest" name="verifyProductCategoryFunctionality" time="46.731"/>
  <testcase classname="testcases.SLATest" name="verifyDeleteButtonFunctionality" time="48.816"/>
  <testcase classname="testcases.SLATest" name="verifyPolicyDatePickerFunctionality" time="36.879"/>
  <testcase classname="testcases.SLATest" name="verifyBooleanFunctionality" time="55.519"/>
  <testcase classname="testcases.SLATest" name="verifyBooleanSaveButtonFunctionality" time="56.908"/>
  <testcase classname="testcases.SLATest" name="verifyResponseTimeValidations" time="66.882"/>
  <testcase classname="testcases.SLATest" name="verifyResolveTimeValidations" time="63.831"/>
  <testcase classname="utils.WebTestBase" name="@AfterSuite close" time="0.0">
    <ignored/>
  </testcase> <!-- @AfterSuite close -->
  <testcase classname="utils.WebTestBase" name="@AfterSuite close" time="0.0">
    <ignored/>
  </testcase> <!-- @AfterSuite close -->
</testsuite> <!-- Test -->
